log started: Tue Apr 25 21:24:29 2023

Log file: ./leap.log
>> #
>> # ----- leaprc for loading the ff14SB force field
>> # ----- NOTE: this is designed for PDB format 3!
>> #    Uses frcmod.ff14SB for proteins; ff99bsc0 for DNA; ff99bsc0_chiOL3 for RNA
>> #
>> #	load atom type hybridizations
>> #
>> addAtomTypes {
>> 	{ "H"   "H" "sp3" }
>> 	{ "HO"  "H" "sp3" }
>> 	{ "HS"  "H" "sp3" }
>> 	{ "H1"  "H" "sp3" }
>> 	{ "H2"  "H" "sp3" }
>> 	{ "H3"  "H" "sp3" }
>> 	{ "H4"  "H" "sp3" }
>> 	{ "H5"  "H" "sp3" }
>> 	{ "HW"  "H" "sp3" }
>> 	{ "HC"  "H" "sp3" }
>> 	{ "HA"  "H" "sp3" }
>> 	{ "HP"  "H" "sp3" }
>> 	{ "HZ"  "H" "sp3" }
>> 	{ "OH"  "O" "sp3" }
>> 	{ "OS"  "O" "sp3" }
>> 	{ "O"   "O" "sp2" }
>> 	{ "O2"  "O" "sp2" }
>> 	{ "OP"  "O" "sp2" }
>> 	{ "OW"  "O" "sp3" }
>> 	{ "CT"  "C" "sp3" }
>> 	{ "CX"  "C" "sp3" }
>> 	{ "C8"  "C" "sp3" }
>> 	{ "2C"  "C" "sp3" }
>> 	{ "3C"  "C" "sp3" }
>> 	{ "CH"  "C" "sp3" }
>> 	{ "CS"  "C" "sp2" }
>> 	{ "C"   "C" "sp2" }
>> 	{ "CO"   "C" "sp2" }
>> 	{ "C*"  "C" "sp2" }
>> 	{ "CA"  "C" "sp2" }
>> 	{ "CB"  "C" "sp2" }
>> 	{ "CC"  "C" "sp2" }
>> 	{ "CN"  "C" "sp2" }
>> 	{ "CM"  "C" "sp2" }
>> 	{ "CK"  "C" "sp2" }
>> 	{ "CQ"  "C" "sp2" }
>> 	{ "CD"  "C" "sp2" }
>> 	{ "C5"  "C" "sp2" }
>> 	{ "C4"  "C" "sp2" }
>> 	{ "CP"  "C" "sp2" }
>> 	{ "CI"  "C" "sp3" }
>> 	{ "CJ"  "C" "sp2" }
>> 	{ "CW"  "C" "sp2" }
>> 	{ "CV"  "C" "sp2" }
>> 	{ "CR"  "C" "sp2" }
>> 	{ "CA"  "C" "sp2" }
>> 	{ "CY"  "C" "sp2" }
>> 	{ "C0"  "Ca" "sp3" }
>> 	{ "MG"  "Mg" "sp3" }
>> 	{ "N"   "N" "sp2" }
>> 	{ "NA"  "N" "sp2" }
>> 	{ "N2"  "N" "sp2" }
>> 	{ "N*"  "N" "sp2" }
>> 	{ "NP"  "N" "sp2" }
>> 	{ "NQ"  "N" "sp2" }
>> 	{ "NB"  "N" "sp2" }
>> 	{ "NC"  "N" "sp2" }
>> 	{ "NT"  "N" "sp3" }
>> 	{ "NY"  "N" "sp2" }
>> 	{ "N3"  "N" "sp3" }
>> 	{ "S"   "S" "sp3" }
>> 	{ "SH"  "S" "sp3" }
>> 	{ "P"   "P" "sp3" }
>> 	{ "LP"  ""  "sp3" }
>> 	{ "EP"  ""  "sp3" }
>> 	{ "F"   "F" "sp3" }
>> 	{ "Cl"  "Cl" "sp3" }
>> 	{ "Br"  "Br" "sp3" }
>> 	{ "I"   "I"  "sp3" }
>> 	{ "F-"   "F" "sp3" }
>> 	{ "Cl-"  "Cl" "sp3" }
>> 	{ "Br-"  "Br" "sp3" }
>> 	{ "I-"   "I"  "sp3" }
>> 	{ "Li+"  "Li"  "sp3" }
>> 	{ "Na+"  "Na"  "sp3" }
>> 	{ "K+"  "K"  "sp3" }
>> 	{ "Rb+"  "Rb"  "sp3" }
>> 	{ "Cs+"  "Cs"  "sp3" }
>> 	{ "Mg+"  "Mg"  "sp3" }
>> # glycam
>> 	{ "OG"  "O" "sp3" }
>> 	{ "OL"  "O" "sp3" }
>> 	{ "AC"  "C" "sp3" }
>> 	{ "EC"  "C" "sp3" }
>> }
>> #
>> #	Load the main parameter set.
>> #
>> parm10 = loadamberparams parm10.dat
Loading parameters: /work/scitas-share/ddossant/amber/20/gcc-8.4.0-cuda-10.2/amber20/dat/leap/parm/parm10.dat
Reading title:
PARM99 + frcmod.ff99SB + frcmod.parmbsc0 + OL3 for RNA
>> frcmod14SB = loadamberparams frcmod.ff14SB
Loading parameters: /work/scitas-share/ddossant/amber/20/gcc-8.4.0-cuda-10.2/amber20/dat/leap/parm/frcmod.ff14SB
Reading force field modification type file (frcmod)
Reading title:
ff14SB protein backbone and sidechain parameters
>> #
>> #	Load main chain and terminating amino acid libraries, nucleic acids
>> #
>> loadOff amino12.lib
Loading library: /work/scitas-share/ddossant/amber/20/gcc-8.4.0-cuda-10.2/amber20/dat/leap/lib/amino12.lib
Loading: ALA
Loading: ARG
Loading: ASH
Loading: ASN
Loading: ASP
Loading: CYM
Loading: CYS
Loading: CYX
Loading: GLH
Loading: GLN
Loading: GLU
Loading: GLY
Loading: HID
Loading: HIE
Loading: HIP
Loading: HYP
Loading: ILE
Loading: LEU
Loading: LYN
Loading: LYS
Loading: MET
Loading: PHE
Loading: PRO
Loading: SER
Loading: THR
Loading: TRP
Loading: TYR
Loading: VAL
>> loadOff aminoct12.lib
Loading library: /work/scitas-share/ddossant/amber/20/gcc-8.4.0-cuda-10.2/amber20/dat/leap/lib/aminoct12.lib
Loading: CALA
Loading: CARG
Loading: CASN
Loading: CASP
Loading: CCYS
Loading: CCYX
Loading: CGLN
Loading: CGLU
Loading: CGLY
Loading: CHID
Loading: CHIE
Loading: CHIP
Loading: CHYP
Loading: CILE
Loading: CLEU
Loading: CLYS
Loading: CMET
Loading: CPHE
Loading: CPRO
Loading: CSER
Loading: CTHR
Loading: CTRP
Loading: CTYR
Loading: CVAL
Loading: NHE
Loading: NME
>> loadOff aminont12.lib
Loading library: /work/scitas-share/ddossant/amber/20/gcc-8.4.0-cuda-10.2/amber20/dat/leap/lib/aminont12.lib
Loading: ACE
Loading: NALA
Loading: NARG
Loading: NASN
Loading: NASP
Loading: NCYS
Loading: NCYX
Loading: NGLN
Loading: NGLU
Loading: NGLY
Loading: NHID
Loading: NHIE
Loading: NHIP
Loading: NILE
Loading: NLEU
Loading: NLYS
Loading: NMET
Loading: NPHE
Loading: NPRO
Loading: NSER
Loading: NTHR
Loading: NTRP
Loading: NTYR
Loading: NVAL
>> loadOff nucleic12.lib
Loading library: /work/scitas-share/ddossant/amber/20/gcc-8.4.0-cuda-10.2/amber20/dat/leap/lib/nucleic12.lib
Loading: A
Loading: A3
Loading: A5
Loading: AN
Loading: C
Loading: C3
Loading: C5
Loading: CN
Loading: DA
Loading: DA3
Loading: DA5
Loading: DAN
Loading: DC
Loading: DC3
Loading: DC5
Loading: DCN
Loading: DG
Loading: DG3
Loading: DG5
Loading: DGN
Loading: DT
Loading: DT3
Loading: DT5
Loading: DTN
Loading: G
Loading: G3
Loading: G5
Loading: GN
Loading: OHE
Loading: U
Loading: U3
Loading: U5
Loading: UN
>> #
>> #       Load water and ions
>> # 
>> loadOff atomic_ions.lib
Loading library: /work/scitas-share/ddossant/amber/20/gcc-8.4.0-cuda-10.2/amber20/dat/leap/lib/atomic_ions.lib
Loading: AG
Loading: AL
Loading: Ag
Loading: BA
Loading: BR
Loading: Be
Loading: CA
Loading: CD
Loading: CE
Loading: CL
Loading: CO
Loading: CR
Loading: CS
Loading: CU
Loading: CU1
Loading: Ce
Loading: Cl-
Loading: Cr
Loading: Dy
Loading: EU
Loading: EU3
Loading: Er
Loading: F
Loading: FE
Loading: FE2
Loading: GD3
Loading: H3O+
Loading: HE+
Loading: HG
Loading: HZ+
Loading: Hf
Loading: IN
Loading: IOD
Loading: K
Loading: K+
Loading: LA
Loading: LI
Loading: LU
Loading: MG
Loading: MN
Loading: NA
Loading: NH4
Loading: NI
Loading: Na+
Loading: Nd
Loading: PB
Loading: PD
Loading: PR
Loading: PT
Loading: Pu
Loading: RB
Loading: Ra
Loading: SM
Loading: SR
Loading: Sm
Loading: Sn
Loading: TB
Loading: TL
Loading: Th
Loading: Tl
Loading: Tm
Loading: U4+
Loading: V2+
Loading: Y
Loading: YB2
Loading: ZN
Loading: Zr
>> loadOff solvents.lib
Loading library: /work/scitas-share/ddossant/amber/20/gcc-8.4.0-cuda-10.2/amber20/dat/leap/lib/solvents.lib
Loading: CHCL3BOX
Loading: DC4
Loading: FB3
Loading: FB3BOX
Loading: FB4
Loading: FB4BOX
Loading: MEOHBOX
Loading: NMABOX
Loading: OP3
Loading: OPC
Loading: OPC3BOX
Loading: OPCBOX
Loading: PL3
Loading: POL3BOX
Loading: QSPCFWBOX
Loading: SPC
Loading: SPCBOX
Loading: SPCFWBOX
Loading: SPF
Loading: SPG
Loading: T4E
Loading: TIP3PBOX
Loading: TIP3PFBOX
Loading: TIP4PBOX
Loading: TIP4PEWBOX
Loading: TIP5PBOX
Loading: TP3
Loading: TP4
Loading: TP5
Loading: TPF
>> HOH = TP3
>> WAT = TP3
>> 
>> #
>> #	Define the PDB name map for the amino acids and nucleic acids
>> #
>> addPdbResMap {
>>   { 0 "HYP" "NHYP" } { 1 "HYP" "CHYP" }
>>   { 0 "ALA" "NALA" } { 1 "ALA" "CALA" }
>>   { 0 "ARG" "NARG" } { 1 "ARG" "CARG" }
>>   { 0 "ASN" "NASN" } { 1 "ASN" "CASN" }
>>   { 0 "ASP" "NASP" } { 1 "ASP" "CASP" }
>>   { 0 "CYS" "NCYS" } { 1 "CYS" "CCYS" }
>>   { 0 "CYX" "NCYX" } { 1 "CYX" "CCYX" }
>>   { 0 "GLN" "NGLN" } { 1 "GLN" "CGLN" }
>>   { 0 "GLU" "NGLU" } { 1 "GLU" "CGLU" }
>>   { 0 "GLY" "NGLY" } { 1 "GLY" "CGLY" }
>>   { 0 "HID" "NHID" } { 1 "HID" "CHID" }
>>   { 0 "HIE" "NHIE" } { 1 "HIE" "CHIE" }
>>   { 0 "HIP" "NHIP" } { 1 "HIP" "CHIP" }
>>   { 0 "ILE" "NILE" } { 1 "ILE" "CILE" }
>>   { 0 "LEU" "NLEU" } { 1 "LEU" "CLEU" }
>>   { 0 "LYS" "NLYS" } { 1 "LYS" "CLYS" }
>>   { 0 "MET" "NMET" } { 1 "MET" "CMET" }
>>   { 0 "PHE" "NPHE" } { 1 "PHE" "CPHE" }
>>   { 0 "PRO" "NPRO" } { 1 "PRO" "CPRO" }
>>   { 0 "SER" "NSER" } { 1 "SER" "CSER" }
>>   { 0 "THR" "NTHR" } { 1 "THR" "CTHR" }
>>   { 0 "TRP" "NTRP" } { 1 "TRP" "CTRP" }
>>   { 0 "TYR" "NTYR" } { 1 "TYR" "CTYR" }
>>   { 0 "VAL" "NVAL" } { 1 "VAL" "CVAL" }
>>   { 0 "HIS" "NHIS" } { 1 "HIS" "CHIS" }
>>   { 0 "G" "G"  } { 1 "G" "G"  } 
>>   { 0 "A" "A"  } { 1 "A" "A"  } 
>>   { 0 "C" "C"  } { 1 "C" "C"  } 
>>   { 0 "U" "U"  } { 1 "U" "U"  } 
>>   { 0 "DG" "DG"  } { 1 "DG" "DG"  }  
>>   { 0 "DA" "DA"  } { 1 "DA" "DA"  }  
>>   { 0 "DC" "DC"  } { 1 "DC" "DC"  }  
>>   { 0 "DT" "DT"  } { 1 "DT" "DT"  }  
>> #  some old Amber residue names for RNA:
>>   { 0  "RA5" "A5" } { 1 "RA3" "A3"} {"RA" "A" }
>>   { 0  "RC5" "C5" } { 1 "RC3" "C3"} {"RC" "C" }
>>   { 0  "RG5" "G5" } { 1 "RG3" "G3"} {"RG" "G" }
>>   { 0  "RU5" "U5" } { 1 "RU3" "U3"} {"RU" "U" }
>> #  some really old Amber residue names, assuming DNA:
>>   { 0 "GUA" "DG5"  } { 1 "GUA" "DG3"  } { "GUA" "DG" }
>>   { 0 "ADE" "DA5"  } { 1 "ADE" "DA3"  } { "ADE" "DA" }
>>   { 0 "CYT" "DC5"  } { 1 "CYT" "DC3"  } { "CYT" "DC" }
>>   { 0 "THY" "DT5"  } { 1 "THY" "DT3"  } { "THY" "DT" }
>> #  uncomment out the following if you have this old style RNA files:
>> # { 0 "GUA" "G5"  } { 1 "GUA" "G3"  } { "GUA" "G" }
>> # { 0 "ADE" "A5"  } { 1 "ADE" "A3"  } { "ADE" "A" }
>> # { 0 "CYT" "C5"  } { 1 "CYT" "C3"  } { "CYT" "C" }
>> # { 0 "URA" "R5"  } { 1 "URA" "R3"  } { "URA" "R" }
>> 
>> }
>> 
>> #  try to be good about reading in really old atom names as well:
>> addPdbAtomMap {
>>   { "O5*" "O5'" }
>>   { "C5*" "C5'" }
>>   { "C4*" "C4'" }
>>   { "O4*" "O4'" }
>>   { "C3*" "C3'" }
>>   { "O3*" "O3'" }
>>   { "C2*" "C2'" }
>>   { "O2*" "O2'" }
>>   { "C1*" "C1'" }
>>   { "C5M" "C7"  }
>>   { "H1*" "H1'" }
>>   { "H2*1" "H2'" }
>>   { "H2*2" "H2''" }
>>   { "H2'1" "H2'" }
>>   { "H2'2" "H2''" }
>>   { "H3*" "H3'" }
>>   { "H4*" "H4'" }
>>   { "H5*1" "H5'" }
>>   { "H5*2" "H5''" }
>>   { "H5'1" "H5'" }
>>   { "H5'2" "H5''" }
>>   { "HO'2" "HO2'" }
>>   { "H5T"  "HO5'" }
>>   { "H3T"  "HO3'" }
>>   { "O1'" "O4'" }
>>   { "OA"  "OP1" }
>>   { "OB"  "OP2" }
>>   { "O1P" "OP1" }
>>   { "O2P" "OP2" }
>> }
>> 
>> #
>> # assume that most often proteins use HIE
>> #
>> NHIS = NHIE
>> HIS = HIE
>> CHIS = CHIE
>> 
> 
> addAtomTypes {
>   { "C1" "C" "sp2" }
>   { "C2" "C" "sp2" }
>   { "CI" "C" "sp3" }
>   { "CE" "C" "sp3" }
>  }
>  loadoff parmBSC1.lib
Loading library: ./parmBSC1.lib
Loading: DA
Loading: DA3
Loading: DA5
Loading: DAN
Loading: DC
Loading: DC3
Loading: DC5
Loading: DCN
Loading: DG
Loading: DG3
Loading: DG5
Loading: DGN
Loading: DT
Loading: DT3
Loading: DT5
Loading: DTN
>  loadamberparams frcmod.parmbsc1
Loading parameters: ./frcmod.parmbsc1
Reading force field modification type file (frcmod)
Reading title:
Parmbsc1 force-field for DNA
> addPdbAtomMap {{OP1 O1P}{OP2 O2P}{H5' H5'1}{H5'' H5'2}{H2' H2'1}{H2'' H2'2}}
> set default PBradii mbondi3
Using ArgH and AspGluO modified Bondi2 radii
> 
> dna = loadpdb initial.pdb
Loading PDB file: ./initial.pdb
Matching PDB residue names to LEaP variables.
Mapped residue DT, term: Terminal/beginning, seq. number: 0 to: DT.
Mapped residue DG, term: Terminal/last, seq. number: 93 to: DG.
Mapped residue DC, term: Terminal/beginning, seq. number: 94 to: DC.
Mapped residue DA, term: Terminal/last, seq. number: 187 to: DA.
  total atoms in file: 3854
  Leap added 2114 missing atoms according to residue templates:
       2114 H / lone pairs
> savepdb dna tmp.pdb
Writing pdb file: tmp.pdb
> 
> 
> dna = loadpdb tmp.pdb
Loading PDB file: ./tmp.pdb
Matching PDB residue names to LEaP variables.
Mapped residue DT, term: Terminal/beginning, seq. number: 0 to: DT.
Mapped residue DG, term: Terminal/last, seq. number: 93 to: DG.
Mapped residue DC, term: Terminal/beginning, seq. number: 94 to: DC.
Mapped residue DA, term: Terminal/last, seq. number: 187 to: DA.
  total atoms in file: 5968
> 
> bond dna.1.P dna.94.O3' S
> bond dna.95.P dna.188.O3' S
> 
> savepdb dna dry.pdb
Writing pdb file: dry.pdb
> saveamberparm dna dry.top dry.crd
Checking Unit.

/work/scitas-share/ddossant/amber/20/gcc-8.4.0-cuda-10.2/amber20/bin/teLeap: Warning!
The unperturbed charge of the unit (-188.000000) is not zero.

/work/scitas-share/ddossant/amber/20/gcc-8.4.0-cuda-10.2/amber20/bin/teLeap: Note.
Ignoring the warning from Unit Checking.

Building topology.
Building atom parameters.
Building bond parameters.
Building angle parameters.
Building proper torsion parameters.
Building improper torsion parameters.
 total 1270 improper torsions applied
Building H-Bond parameters.
Incorporating Non-Bonded adjustments.
Not Marking per-residue atom chain types.
Marking per-residue atom chain types.
 (no restraints)
> 
> dna = loadpdb dry.pdb
Loading PDB file: ./dry.pdb
Matching PDB residue names to LEaP variables.
Mapped residue DT, term: Terminal/beginning, seq. number: 0 to: DT.
Mapped residue DG, term: Terminal/last, seq. number: 93 to: DG.
Mapped residue DC, term: Terminal/beginning, seq. number: 94 to: DC.
Mapped residue DA, term: Terminal/last, seq. number: 187 to: DA.
  total atoms in file: 5968
> 
> 
> solvateoct dna TIP3PBOX 13 iso
  Solute vdw bounding box:              26.516 120.311 124.165
  Total bounding box for atom centers:  150.165 150.165 150.165
      (box expansion for 'iso' is 193.5%)
  Solvent unit box:                     18.774 18.774 18.774
The number of boxes:  x= 8  y= 8  z= 8
  Volume: 1727115.766 A^3 (oct)
  Total mass 968061.280 amu,  Density 0.931 g/cc
  Added 50520 residues.
> 
> savepdb dna solvated.pdb
Writing pdb file: solvated.pdb
   printing CRYST1 record to PDB file with box info
> saveamberparm dna solvated.top solvated.crd
Checking Unit.

/work/scitas-share/ddossant/amber/20/gcc-8.4.0-cuda-10.2/amber20/bin/teLeap: Warning!
The unperturbed charge of the unit (-188.000000) is not zero.

/work/scitas-share/ddossant/amber/20/gcc-8.4.0-cuda-10.2/amber20/bin/teLeap: Note.
Ignoring the warning from Unit Checking.

Building topology.
Building atom parameters.
Building bond parameters.
Building angle parameters.
Building proper torsion parameters.
Building improper torsion parameters.
 total 1270 improper torsions applied
Building H-Bond parameters.
Incorporating Non-Bonded adjustments.
Not Marking per-residue atom chain types.
Marking per-residue atom chain types.
  (Residues lacking connect0/connect1 - 
   these don't have chain types marked:

	res	total affected

	WAT	50520
  )
 (no restraints)
> 
> quit
	Quit

Exiting LEaP: Errors = 0; Warnings = 2; Notes = 2.
log started: Tue Apr 25 21:24:32 2023

Log file: ./leap.log
>> #
>> # ----- leaprc for loading the ff14SB force field
>> # ----- NOTE: this is designed for PDB format 3!
>> #    Uses frcmod.ff14SB for proteins; ff99bsc0 for DNA; ff99bsc0_chiOL3 for RNA
>> #
>> #	load atom type hybridizations
>> #
>> addAtomTypes {
>> 	{ "H"   "H" "sp3" }
>> 	{ "HO"  "H" "sp3" }
>> 	{ "HS"  "H" "sp3" }
>> 	{ "H1"  "H" "sp3" }
>> 	{ "H2"  "H" "sp3" }
>> 	{ "H3"  "H" "sp3" }
>> 	{ "H4"  "H" "sp3" }
>> 	{ "H5"  "H" "sp3" }
>> 	{ "HW"  "H" "sp3" }
>> 	{ "HC"  "H" "sp3" }
>> 	{ "HA"  "H" "sp3" }
>> 	{ "HP"  "H" "sp3" }
>> 	{ "HZ"  "H" "sp3" }
>> 	{ "OH"  "O" "sp3" }
>> 	{ "OS"  "O" "sp3" }
>> 	{ "O"   "O" "sp2" }
>> 	{ "O2"  "O" "sp2" }
>> 	{ "OP"  "O" "sp2" }
>> 	{ "OW"  "O" "sp3" }
>> 	{ "CT"  "C" "sp3" }
>> 	{ "CX"  "C" "sp3" }
>> 	{ "C8"  "C" "sp3" }
>> 	{ "2C"  "C" "sp3" }
>> 	{ "3C"  "C" "sp3" }
>> 	{ "CH"  "C" "sp3" }
>> 	{ "CS"  "C" "sp2" }
>> 	{ "C"   "C" "sp2" }
>> 	{ "CO"   "C" "sp2" }
>> 	{ "C*"  "C" "sp2" }
>> 	{ "CA"  "C" "sp2" }
>> 	{ "CB"  "C" "sp2" }
>> 	{ "CC"  "C" "sp2" }
>> 	{ "CN"  "C" "sp2" }
>> 	{ "CM"  "C" "sp2" }
>> 	{ "CK"  "C" "sp2" }
>> 	{ "CQ"  "C" "sp2" }
>> 	{ "CD"  "C" "sp2" }
>> 	{ "C5"  "C" "sp2" }
>> 	{ "C4"  "C" "sp2" }
>> 	{ "CP"  "C" "sp2" }
>> 	{ "CI"  "C" "sp3" }
>> 	{ "CJ"  "C" "sp2" }
>> 	{ "CW"  "C" "sp2" }
>> 	{ "CV"  "C" "sp2" }
>> 	{ "CR"  "C" "sp2" }
>> 	{ "CA"  "C" "sp2" }
>> 	{ "CY"  "C" "sp2" }
>> 	{ "C0"  "Ca" "sp3" }
>> 	{ "MG"  "Mg" "sp3" }
>> 	{ "N"   "N" "sp2" }
>> 	{ "NA"  "N" "sp2" }
>> 	{ "N2"  "N" "sp2" }
>> 	{ "N*"  "N" "sp2" }
>> 	{ "NP"  "N" "sp2" }
>> 	{ "NQ"  "N" "sp2" }
>> 	{ "NB"  "N" "sp2" }
>> 	{ "NC"  "N" "sp2" }
>> 	{ "NT"  "N" "sp3" }
>> 	{ "NY"  "N" "sp2" }
>> 	{ "N3"  "N" "sp3" }
>> 	{ "S"   "S" "sp3" }
>> 	{ "SH"  "S" "sp3" }
>> 	{ "P"   "P" "sp3" }
>> 	{ "LP"  ""  "sp3" }
>> 	{ "EP"  ""  "sp3" }
>> 	{ "F"   "F" "sp3" }
>> 	{ "Cl"  "Cl" "sp3" }
>> 	{ "Br"  "Br" "sp3" }
>> 	{ "I"   "I"  "sp3" }
>> 	{ "F-"   "F" "sp3" }
>> 	{ "Cl-"  "Cl" "sp3" }
>> 	{ "Br-"  "Br" "sp3" }
>> 	{ "I-"   "I"  "sp3" }
>> 	{ "Li+"  "Li"  "sp3" }
>> 	{ "Na+"  "Na"  "sp3" }
>> 	{ "K+"  "K"  "sp3" }
>> 	{ "Rb+"  "Rb"  "sp3" }
>> 	{ "Cs+"  "Cs"  "sp3" }
>> 	{ "Mg+"  "Mg"  "sp3" }
>> # glycam
>> 	{ "OG"  "O" "sp3" }
>> 	{ "OL"  "O" "sp3" }
>> 	{ "AC"  "C" "sp3" }
>> 	{ "EC"  "C" "sp3" }
>> }
>> #
>> #	Load the main parameter set.
>> #
>> parm10 = loadamberparams parm10.dat
Loading parameters: /work/scitas-share/ddossant/amber/20/gcc-8.4.0-cuda-10.2/amber20/dat/leap/parm/parm10.dat
Reading title:
PARM99 + frcmod.ff99SB + frcmod.parmbsc0 + OL3 for RNA
>> frcmod14SB = loadamberparams frcmod.ff14SB
Loading parameters: /work/scitas-share/ddossant/amber/20/gcc-8.4.0-cuda-10.2/amber20/dat/leap/parm/frcmod.ff14SB
Reading force field modification type file (frcmod)
Reading title:
ff14SB protein backbone and sidechain parameters
>> #
>> #	Load main chain and terminating amino acid libraries, nucleic acids
>> #
>> loadOff amino12.lib
Loading library: /work/scitas-share/ddossant/amber/20/gcc-8.4.0-cuda-10.2/amber20/dat/leap/lib/amino12.lib
Loading: ALA
Loading: ARG
Loading: ASH
Loading: ASN
Loading: ASP
Loading: CYM
Loading: CYS
Loading: CYX
Loading: GLH
Loading: GLN
Loading: GLU
Loading: GLY
Loading: HID
Loading: HIE
Loading: HIP
Loading: HYP
Loading: ILE
Loading: LEU
Loading: LYN
Loading: LYS
Loading: MET
Loading: PHE
Loading: PRO
Loading: SER
Loading: THR
Loading: TRP
Loading: TYR
Loading: VAL
>> loadOff aminoct12.lib
Loading library: /work/scitas-share/ddossant/amber/20/gcc-8.4.0-cuda-10.2/amber20/dat/leap/lib/aminoct12.lib
Loading: CALA
Loading: CARG
Loading: CASN
Loading: CASP
Loading: CCYS
Loading: CCYX
Loading: CGLN
Loading: CGLU
Loading: CGLY
Loading: CHID
Loading: CHIE
Loading: CHIP
Loading: CHYP
Loading: CILE
Loading: CLEU
Loading: CLYS
Loading: CMET
Loading: CPHE
Loading: CPRO
Loading: CSER
Loading: CTHR
Loading: CTRP
Loading: CTYR
Loading: CVAL
Loading: NHE
Loading: NME
>> loadOff aminont12.lib
Loading library: /work/scitas-share/ddossant/amber/20/gcc-8.4.0-cuda-10.2/amber20/dat/leap/lib/aminont12.lib
Loading: ACE
Loading: NALA
Loading: NARG
Loading: NASN
Loading: NASP
Loading: NCYS
Loading: NCYX
Loading: NGLN
Loading: NGLU
Loading: NGLY
Loading: NHID
Loading: NHIE
Loading: NHIP
Loading: NILE
Loading: NLEU
Loading: NLYS
Loading: NMET
Loading: NPHE
Loading: NPRO
Loading: NSER
Loading: NTHR
Loading: NTRP
Loading: NTYR
Loading: NVAL
>> loadOff nucleic12.lib
Loading library: /work/scitas-share/ddossant/amber/20/gcc-8.4.0-cuda-10.2/amber20/dat/leap/lib/nucleic12.lib
Loading: A
Loading: A3
Loading: A5
Loading: AN
Loading: C
Loading: C3
Loading: C5
Loading: CN
Loading: DA
Loading: DA3
Loading: DA5
Loading: DAN
Loading: DC
Loading: DC3
Loading: DC5
Loading: DCN
Loading: DG
Loading: DG3
Loading: DG5
Loading: DGN
Loading: DT
Loading: DT3
Loading: DT5
Loading: DTN
Loading: G
Loading: G3
Loading: G5
Loading: GN
Loading: OHE
Loading: U
Loading: U3
Loading: U5
Loading: UN
>> #
>> #       Load water and ions
>> # 
>> loadOff atomic_ions.lib
Loading library: /work/scitas-share/ddossant/amber/20/gcc-8.4.0-cuda-10.2/amber20/dat/leap/lib/atomic_ions.lib
Loading: AG
Loading: AL
Loading: Ag
Loading: BA
Loading: BR
Loading: Be
Loading: CA
Loading: CD
Loading: CE
Loading: CL
Loading: CO
Loading: CR
Loading: CS
Loading: CU
Loading: CU1
Loading: Ce
Loading: Cl-
Loading: Cr
Loading: Dy
Loading: EU
Loading: EU3
Loading: Er
Loading: F
Loading: FE
Loading: FE2
Loading: GD3
Loading: H3O+
Loading: HE+
Loading: HG
Loading: HZ+
Loading: Hf
Loading: IN
Loading: IOD
Loading: K
Loading: K+
Loading: LA
Loading: LI
Loading: LU
Loading: MG
Loading: MN
Loading: NA
Loading: NH4
Loading: NI
Loading: Na+
Loading: Nd
Loading: PB
Loading: PD
Loading: PR
Loading: PT
Loading: Pu
Loading: RB
Loading: Ra
Loading: SM
Loading: SR
Loading: Sm
Loading: Sn
Loading: TB
Loading: TL
Loading: Th
Loading: Tl
Loading: Tm
Loading: U4+
Loading: V2+
Loading: Y
Loading: YB2
Loading: ZN
Loading: Zr
>> loadOff solvents.lib
Loading library: /work/scitas-share/ddossant/amber/20/gcc-8.4.0-cuda-10.2/amber20/dat/leap/lib/solvents.lib
Loading: CHCL3BOX
Loading: DC4
Loading: FB3
Loading: FB3BOX
Loading: FB4
Loading: FB4BOX
Loading: MEOHBOX
Loading: NMABOX
Loading: OP3
Loading: OPC
Loading: OPC3BOX
Loading: OPCBOX
Loading: PL3
Loading: POL3BOX
Loading: QSPCFWBOX
Loading: SPC
Loading: SPCBOX
Loading: SPCFWBOX
Loading: SPF
Loading: SPG
Loading: T4E
Loading: TIP3PBOX
Loading: TIP3PFBOX
Loading: TIP4PBOX
Loading: TIP4PEWBOX
Loading: TIP5PBOX
Loading: TP3
Loading: TP4
Loading: TP5
Loading: TPF
>> HOH = TP3
>> WAT = TP3
>> 
>> #
>> #	Define the PDB name map for the amino acids and nucleic acids
>> #
>> addPdbResMap {
>>   { 0 "HYP" "NHYP" } { 1 "HYP" "CHYP" }
>>   { 0 "ALA" "NALA" } { 1 "ALA" "CALA" }
>>   { 0 "ARG" "NARG" } { 1 "ARG" "CARG" }
>>   { 0 "ASN" "NASN" } { 1 "ASN" "CASN" }
>>   { 0 "ASP" "NASP" } { 1 "ASP" "CASP" }
>>   { 0 "CYS" "NCYS" } { 1 "CYS" "CCYS" }
>>   { 0 "CYX" "NCYX" } { 1 "CYX" "CCYX" }
>>   { 0 "GLN" "NGLN" } { 1 "GLN" "CGLN" }
>>   { 0 "GLU" "NGLU" } { 1 "GLU" "CGLU" }
>>   { 0 "GLY" "NGLY" } { 1 "GLY" "CGLY" }
>>   { 0 "HID" "NHID" } { 1 "HID" "CHID" }
>>   { 0 "HIE" "NHIE" } { 1 "HIE" "CHIE" }
>>   { 0 "HIP" "NHIP" } { 1 "HIP" "CHIP" }
>>   { 0 "ILE" "NILE" } { 1 "ILE" "CILE" }
>>   { 0 "LEU" "NLEU" } { 1 "LEU" "CLEU" }
>>   { 0 "LYS" "NLYS" } { 1 "LYS" "CLYS" }
>>   { 0 "MET" "NMET" } { 1 "MET" "CMET" }
>>   { 0 "PHE" "NPHE" } { 1 "PHE" "CPHE" }
>>   { 0 "PRO" "NPRO" } { 1 "PRO" "CPRO" }
>>   { 0 "SER" "NSER" } { 1 "SER" "CSER" }
>>   { 0 "THR" "NTHR" } { 1 "THR" "CTHR" }
>>   { 0 "TRP" "NTRP" } { 1 "TRP" "CTRP" }
>>   { 0 "TYR" "NTYR" } { 1 "TYR" "CTYR" }
>>   { 0 "VAL" "NVAL" } { 1 "VAL" "CVAL" }
>>   { 0 "HIS" "NHIS" } { 1 "HIS" "CHIS" }
>>   { 0 "G" "G"  } { 1 "G" "G"  } 
>>   { 0 "A" "A"  } { 1 "A" "A"  } 
>>   { 0 "C" "C"  } { 1 "C" "C"  } 
>>   { 0 "U" "U"  } { 1 "U" "U"  } 
>>   { 0 "DG" "DG"  } { 1 "DG" "DG"  }  
>>   { 0 "DA" "DA"  } { 1 "DA" "DA"  }  
>>   { 0 "DC" "DC"  } { 1 "DC" "DC"  }  
>>   { 0 "DT" "DT"  } { 1 "DT" "DT"  }  
>> #  some old Amber residue names for RNA:
>>   { 0  "RA5" "A5" } { 1 "RA3" "A3"} {"RA" "A" }
>>   { 0  "RC5" "C5" } { 1 "RC3" "C3"} {"RC" "C" }
>>   { 0  "RG5" "G5" } { 1 "RG3" "G3"} {"RG" "G" }
>>   { 0  "RU5" "U5" } { 1 "RU3" "U3"} {"RU" "U" }
>> #  some really old Amber residue names, assuming DNA:
>>   { 0 "GUA" "DG5"  } { 1 "GUA" "DG3"  } { "GUA" "DG" }
>>   { 0 "ADE" "DA5"  } { 1 "ADE" "DA3"  } { "ADE" "DA" }
>>   { 0 "CYT" "DC5"  } { 1 "CYT" "DC3"  } { "CYT" "DC" }
>>   { 0 "THY" "DT5"  } { 1 "THY" "DT3"  } { "THY" "DT" }
>> #  uncomment out the following if you have this old style RNA files:
>> # { 0 "GUA" "G5"  } { 1 "GUA" "G3"  } { "GUA" "G" }
>> # { 0 "ADE" "A5"  } { 1 "ADE" "A3"  } { "ADE" "A" }
>> # { 0 "CYT" "C5"  } { 1 "CYT" "C3"  } { "CYT" "C" }
>> # { 0 "URA" "R5"  } { 1 "URA" "R3"  } { "URA" "R" }
>> 
>> }
>> 
>> #  try to be good about reading in really old atom names as well:
>> addPdbAtomMap {
>>   { "O5*" "O5'" }
>>   { "C5*" "C5'" }
>>   { "C4*" "C4'" }
>>   { "O4*" "O4'" }
>>   { "C3*" "C3'" }
>>   { "O3*" "O3'" }
>>   { "C2*" "C2'" }
>>   { "O2*" "O2'" }
>>   { "C1*" "C1'" }
>>   { "C5M" "C7"  }
>>   { "H1*" "H1'" }
>>   { "H2*1" "H2'" }
>>   { "H2*2" "H2''" }
>>   { "H2'1" "H2'" }
>>   { "H2'2" "H2''" }
>>   { "H3*" "H3'" }
>>   { "H4*" "H4'" }
>>   { "H5*1" "H5'" }
>>   { "H5*2" "H5''" }
>>   { "H5'1" "H5'" }
>>   { "H5'2" "H5''" }
>>   { "HO'2" "HO2'" }
>>   { "H5T"  "HO5'" }
>>   { "H3T"  "HO3'" }
>>   { "O1'" "O4'" }
>>   { "OA"  "OP1" }
>>   { "OB"  "OP2" }
>>   { "O1P" "OP1" }
>>   { "O2P" "OP2" }
>> }
>> 
>> #
>> # assume that most often proteins use HIE
>> #
>> NHIS = NHIE
>> HIS = HIE
>> CHIS = CHIE
>> 
> 
> addAtomTypes {
>   { "C1" "C" "sp2" }
>   { "C2" "C" "sp2" }
>   { "CI" "C" "sp3" }
>   { "CE" "C" "sp3" }
>  }
>  loadoff parmBSC1.lib
Loading library: ./parmBSC1.lib
Loading: DA
Loading: DA3
Loading: DA5
Loading: DAN
Loading: DC
Loading: DC3
Loading: DC5
Loading: DCN
Loading: DG
Loading: DG3
Loading: DG5
Loading: DGN
Loading: DT
Loading: DT3
Loading: DT5
Loading: DTN
>  loadamberparams frcmod.parmbsc1
Loading parameters: ./frcmod.parmbsc1
Reading force field modification type file (frcmod)
Reading title:
Parmbsc1 force-field for DNA
> addPdbAtomMap {{OP1 O1P}{OP2 O2P}{H5' H5'1}{H5'' H5'2}{H2' H2'1}{H2'' H2'2}}
> set default PBradii mbondi3
Using ArgH and AspGluO modified Bondi2 radii
> 
> dna = loadpdb solvated.pdb
Loading PDB file: ./solvated.pdb
Matching PDB residue names to LEaP variables.
Mapped residue DT, term: Terminal/beginning, seq. number: 0 to: DT.
Mapped residue DG, term: Terminal/last, seq. number: 93 to: DG.
Mapped residue DC, term: Terminal/beginning, seq. number: 94 to: DC.
Mapped residue DA, term: Terminal/last, seq. number: 187 to: DA.
  total atoms in file: 157528
> 
> 
> addionsRand dna K+ 0
188 K+ ions required to neutralize.
Adding 188 counter ions to "dna". 50332 solvent molecules will remain.
0: Placed K+ in dna at (16.83, 59.14, 12.41).
0: Placed K+ in dna at (-11.63, -40.04, 29.35).
0: Placed K+ in dna at (-50.94, 22.70, 23.34).
0: Placed K+ in dna at (-6.91, -2.37, 41.71).
0: Placed K+ in dna at (-46.69, -35.47, -35.72).
0: Placed K+ in dna at (7.33, -55.37, -34.03).
0: Placed K+ in dna at (-15.63, -32.10, 35.21).
0: Placed K+ in dna at (-57.34, 18.08, 23.74).
0: Placed K+ in dna at (55.20, 7.49, 42.56).
0: Placed K+ in dna at (26.25, 33.74, -41.92).
0: Placed K+ in dna at (-2.61, -38.12, -40.22).
0: Placed K+ in dna at (44.34, 41.73, -9.30).
0: Placed K+ in dna at (-10.30, 9.95, -51.22).
0: Placed K+ in dna at (11.84, 38.15, -10.54).
0: Placed K+ in dna at (11.07, -42.47, 17.34).
0: Placed K+ in dna at (37.46, 60.75, -14.55).
0: Placed K+ in dna at (-31.09, 34.34, -1.99).
0: Placed K+ in dna at (-44.90, 34.22, 6.20).
0: Placed K+ in dna at (-21.64, -50.06, -26.36).
0: Placed K+ in dna at (3.10, 18.29, -52.55).
0: Placed K+ in dna at (11.99, 45.46, -21.86).
0: Placed K+ in dna at (1.77, -11.10, 35.72).
0: Placed K+ in dna at (32.58, -7.24, 3.05).
0: Placed K+ in dna at (1.91, -26.15, 51.79).
0: Placed K+ in dna at (-14.96, -29.07, 11.44).
0: Placed K+ in dna at (-26.30, -21.23, -6.82).
0: Placed K+ in dna at (25.99, -12.45, 56.85).
0: Placed K+ in dna at (-41.78, -24.98, 37.37).
0: Placed K+ in dna at (47.67, 41.20, 17.02).
0: Placed K+ in dna at (-35.87, 1.63, -16.23).
0: Placed K+ in dna at (29.83, 3.74, 52.39).
0: Placed K+ in dna at (41.68, -33.90, -19.48).
0: Placed K+ in dna at (62.77, 35.43, 6.93).
0: Placed K+ in dna at (-20.72, -1.94, -26.62).
0: Placed K+ in dna at (-43.95, 8.15, -22.58).
0: Placed K+ in dna at (-13.57, 21.56, -14.81).
0: Placed K+ in dna at (27.09, 40.16, 23.29).
0: Placed K+ in dna at (34.09, -55.64, -15.73).
0: Placed K+ in dna at (3.10, 41.29, -39.27).
0: Placed K+ in dna at (62.84, -20.39, -4.71).
0: Placed K+ in dna at (-6.37, -5.43, -52.72).
0: Placed K+ in dna at (14.99, -30.60, -57.93).
0: Placed K+ in dna at (-3.60, 53.76, 1.30).
0: Placed K+ in dna at (-48.45, -38.04, -34.65).
0: Placed K+ in dna at (-49.49, -45.78, -11.55).
0: Placed K+ in dna at (21.90, -44.35, -41.41).
0: Placed K+ in dna at (-41.95, 25.08, -23.04).
0: Placed K+ in dna at (29.37, 25.75, -42.64).
0: Placed K+ in dna at (42.86, 12.24, 31.88).
0: Placed K+ in dna at (-0.23, 57.83, 28.12).
0: Placed K+ in dna at (-5.66, -9.67, -50.64).
0: Placed K+ in dna at (-16.50, -2.01, -37.37).
0: Placed K+ in dna at (48.77, -12.73, 11.38).
0: Placed K+ in dna at (20.51, -47.42, -33.91).
0: Placed K+ in dna at (-37.12, -62.80, -2.51).
0: Placed K+ in dna at (27.42, -53.34, -5.56).
0: Placed K+ in dna at (31.21, -5.70, 59.03).
0: Placed K+ in dna at (-3.89, 8.21, 35.89).
0: Placed K+ in dna at (-52.73, 40.92, -37.96).
0: Placed K+ in dna at (55.20, 34.72, -34.29).
0: Placed K+ in dna at (3.70, 62.34, 12.92).
0: Placed K+ in dna at (-44.04, 21.36, -30.97).
0: Placed K+ in dna at (2.78, -31.95, 13.01).
0: Placed K+ in dna at (-0.48, 6.26, -24.82).
0: Placed K+ in dna at (-11.34, 50.57, -34.50).
0: Placed K+ in dna at (-24.99, -8.68, -1.57).
0: Placed K+ in dna at (-55.88, 12.09, -46.03).
0: Placed K+ in dna at (-48.04, -48.54, 13.52).
0: Placed K+ in dna at (27.65, -8.17, 67.52).
0: Placed K+ in dna at (-9.43, 25.08, -49.59).
0: Placed K+ in dna at (-27.68, -26.64, -36.40).
0: Placed K+ in dna at (43.55, -34.00, -36.15).
0: Placed K+ in dna at (20.69, -34.57, 30.32).
0: Placed K+ in dna at (15.49, 19.16, -32.34).
0: Placed K+ in dna at (-26.42, 14.42, 42.19).
0: Placed K+ in dna at (-17.60, 24.79, 64.06).
0: Placed K+ in dna at (7.63, -16.77, -67.58).
0: Placed K+ in dna at (53.51, 44.36, 8.86).
0: Placed K+ in dna at (-25.19, 59.59, 5.79).
0: Placed K+ in dna at (-50.91, 23.46, 43.09).
0: Placed K+ in dna at (21.20, 13.93, 41.56).
0: Placed K+ in dna at (5.58, 43.22, -19.66).
0: Placed K+ in dna at (60.96, -38.55, 5.12).
0: Placed K+ in dna at (60.56, -0.63, -23.34).
0: Placed K+ in dna at (26.62, -0.57, 12.00).
0: Placed K+ in dna at (16.25, 47.83, -16.54).
0: Placed K+ in dna at (11.26, 14.62, 20.20).
0: Placed K+ in dna at (-34.21, 42.46, -3.96).
0: Placed K+ in dna at (-12.11, 29.84, 64.62).
0: Placed K+ in dna at (5.18, -40.33, 2.46).
0: Placed K+ in dna at (-58.09, 0.54, -3.93).
0: Placed K+ in dna at (19.07, -11.03, 28.97).
0: Placed K+ in dna at (-37.86, 39.16, -36.40).
0: Placed K+ in dna at (20.30, -5.21, -18.02).
0: Placed K+ in dna at (12.70, -24.50, 3.87).
0: Placed K+ in dna at (15.20, -32.42, -21.50).
0: Placed K+ in dna at (-23.77, -59.58, -30.51).
0: Placed K+ in dna at (-18.39, 0.47, 3.26).
0: Placed K+ in dna at (46.46, 10.63, -39.27).
0: Placed K+ in dna at (-46.67, -10.65, 49.56).
0: Placed K+ in dna at (23.45, 65.55, -17.38).
0: Placed K+ in dna at (-25.80, 47.57, -41.66).
0: Placed K+ in dna at (-24.10, 39.06, -13.26).
0: Placed K+ in dna at (64.19, -25.31, 23.44).
0: Placed K+ in dna at (-24.89, 46.32, 56.37).
0: Placed K+ in dna at (22.66, -57.91, 30.53).
0: Placed K+ in dna at (-14.76, 3.25, -22.64).
0: Placed K+ in dna at (64.64, 31.59, -32.59).
0: Placed K+ in dna at (43.02, 6.80, 37.89).
0: Placed K+ in dna at (-24.64, -59.13, -13.67).
0: Placed K+ in dna at (-2.09, 63.05, 22.59).
0: Placed K+ in dna at (12.85, 9.35, -43.19).
0: Placed K+ in dna at (55.58, -13.75, 11.65).
0: Placed K+ in dna at (-0.04, 54.89, -34.23).
0: Placed K+ in dna at (-0.98, -36.27, -32.41).
0: Placed K+ in dna at (-40.23, -8.79, -13.90).
0: Placed K+ in dna at (8.29, -5.80, -52.50).
0: Placed K+ in dna at (8.77, -8.86, -16.08).
0: Placed K+ in dna at (27.92, -39.80, -42.34).
0: Placed K+ in dna at (-16.73, -32.47, 26.40).
0: Placed K+ in dna at (-39.44, -49.66, 2.88).
0: Placed K+ in dna at (33.53, 40.09, 40.55).
0: Placed K+ in dna at (-47.21, 4.38, 11.70).
0: Placed K+ in dna at (24.46, -1.29, -40.09).
0: Placed K+ in dna at (-2.61, -38.12, 39.44).
0: Placed K+ in dna at (60.02, 9.40, -30.57).
0: Placed K+ in dna at (31.53, -19.24, 30.32).
0: Placed K+ in dna at (22.64, -32.60, 53.03).
0: Placed K+ in dna at (0.22, 16.96, -14.86).
0: Placed K+ in dna at (22.83, 37.80, -8.59).
0: Placed K+ in dna at (-32.45, -53.23, 3.05).
0: Placed K+ in dna at (6.10, -9.25, 37.64).
0: Placed K+ in dna at (-14.13, 17.37, -65.85).
0: Placed K+ in dna at (-24.17, -48.09, -26.47).
0: Placed K+ in dna at (61.53, 26.55, -23.19).
0: Placed K+ in dna at (-36.02, -42.44, -36.46).
0: Placed K+ in dna at (24.94, -39.27, 54.28).
0: Placed K+ in dna at (-1.08, 29.81, -41.06).
0: Placed K+ in dna at (-4.09, -33.38, 52.92).
0: Placed K+ in dna at (18.06, -8.29, 18.73).
0: Placed K+ in dna at (48.15, 32.39, 25.10).
0: Placed K+ in dna at (10.15, -39.95, 48.69).
0: Placed K+ in dna at (34.57, 19.13, -32.75).
0: Placed K+ in dna at (-33.67, 8.00, 43.42).
0: Placed K+ in dna at (36.45, 12.96, -37.94).
0: Placed K+ in dna at (-9.84, -61.49, 29.28).
0: Placed K+ in dna at (-40.58, 21.71, -53.37).
0: Placed K+ in dna at (55.01, -4.30, 32.90).
0: Placed K+ in dna at (-22.85, 52.22, 5.92).
0: Placed K+ in dna at (20.60, -8.52, -1.23).
0: Placed K+ in dna at (33.05, 48.27, -11.39).
0: Placed K+ in dna at (-40.41, -9.48, -44.53).
0: Placed K+ in dna at (50.31, -30.11, 22.62).
0: Placed K+ in dna at (17.35, 16.34, -6.68).
0: Placed K+ in dna at (-47.62, -23.37, -29.50).
0: Placed K+ in dna at (-1.79, 29.22, 6.93).
0: Placed K+ in dna at (-27.08, 39.52, 5.63).
0: Placed K+ in dna at (12.77, 17.49, 6.35).
0: Placed K+ in dna at (-11.34, 27.57, -21.22).
0: Placed K+ in dna at (-55.37, -16.76, 19.20).
0: Placed K+ in dna at (11.65, 26.36, -20.20).
0: Placed K+ in dna at (-27.57, 14.76, -41.10).
0: Placed K+ in dna at (5.99, -2.17, 12.41).
0: Placed K+ in dna at (29.83, -19.25, 12.57).
0: Placed K+ in dna at (33.50, -42.58, 3.98).
0: Placed K+ in dna at (24.11, 51.71, -12.69).
0: Placed K+ in dna at (3.06, -25.23, -56.03).
0: Placed K+ in dna at (59.38, -32.66, 15.73).
0: Placed K+ in dna at (57.69, -0.06, -24.62).
0: Placed K+ in dna at (-14.18, -12.48, 30.66).
0: Placed K+ in dna at (2.94, 28.84, -57.80).
0: Placed K+ in dna at (-24.40, 5.79, -34.97).
0: Placed K+ in dna at (-38.41, 22.43, -54.37).
0: Placed K+ in dna at (-52.38, -7.97, 38.35).
0: Placed K+ in dna at (-1.10, 33.78, -49.23).
0: Placed K+ in dna at (58.22, -34.30, -12.22).
0: Placed K+ in dna at (-6.08, -10.98, 44.74).
0: Placed K+ in dna at (60.02, 18.20, 42.67).
0: Placed K+ in dna at (-32.97, -64.64, 11.46).
0: Placed K+ in dna at (7.69, 18.08, 23.74).
0: Placed K+ in dna at (-8.28, -13.70, -62.73).
0: Placed K+ in dna at (11.37, -28.38, -64.49).
0: Placed K+ in dna at (18.72, -43.80, 12.88).
0: Placed K+ in dna at (22.66, 34.06, -49.12).
0: Placed K+ in dna at (-18.55, -24.12, -13.90).
0: Placed K+ in dna at (35.36, -49.72, -6.61).
0: Placed K+ in dna at (8.77, -31.85, -2.80).
0: Placed K+ in dna at (-11.24, 62.25, 20.51).
> addionsRand dna Cl- 0

/work/scitas-share/ddossant/amber/20/gcc-8.4.0-cuda-10.2/amber20/bin/teLeap: Warning!
addIonsRand: 1st Ion & target unit have charges of the same sign:
     unit charge = -3.78009e-12; ion1 charge = -1;
     can't neutralize.
> 
> addionsRand dna K+ 137
Adding 137 counter ions to "dna". 50195 solvent molecules will remain.
0: Placed K+ in dna at (-11.63, 51.94, -23.75).
0: Placed K+ in dna at (-16.12, 3.96, -58.09).
0: Placed K+ in dna at (-7.14, 24.02, -53.46).
0: Placed K+ in dna at (9.53, 32.62, -33.90).
0: Placed K+ in dna at (-27.46, 13.50, 60.36).
0: Placed K+ in dna at (26.44, 35.01, 44.74).
0: Placed K+ in dna at (-53.20, 19.39, 45.36).
0: Placed K+ in dna at (-20.72, 46.73, -0.41).
0: Placed K+ in dna at (11.99, -0.53, -48.41).
0: Placed K+ in dna at (44.83, -28.06, -24.69).
0: Placed K+ in dna at (31.26, 51.44, -17.21).
0: Placed K+ in dna at (14.12, -45.52, 29.81).
0: Placed K+ in dna at (-7.78, 5.43, 23.63).
0: Placed K+ in dna at (-7.75, -57.71, -28.50).
0: Placed K+ in dna at (33.99, -20.40, 41.69).
0: Placed K+ in dna at (37.31, -5.93, 11.83).
0: Placed K+ in dna at (21.47, 48.05, 13.95).
0: Placed K+ in dna at (-27.57, 14.76, -67.65).
0: Placed K+ in dna at (-50.18, -49.63, 14.33).
0: Placed K+ in dna at (38.88, -6.50, 30.47).
0: Placed K+ in dna at (18.33, -59.69, 36.87).
0: Placed K+ in dna at (43.93, 51.95, -28.72).
0: Placed K+ in dna at (-14.69, 4.38, 64.80).
0: Placed K+ in dna at (19.08, -50.61, -46.39).
0: Placed K+ in dna at (-56.89, 6.33, 29.92).
0: Placed K+ in dna at (-16.02, -56.36, 33.79).
0: Placed K+ in dna at (24.94, -53.94, -29.76).
0: Placed K+ in dna at (7.69, -27.91, 50.29).
0: Placed K+ in dna at (31.50, -12.46, -16.30).
0: Placed K+ in dna at (-14.69, -64.60, 24.97).
0: Placed K+ in dna at (23.52, 24.35, 46.04).
0: Placed K+ in dna at (64.56, -39.73, 28.28).
0: Placed K+ in dna at (-12.10, 13.12, -3.93).
0: Placed K+ in dna at (60.02, -36.58, -30.57).
0: Placed K+ in dna at (57.84, 45.22, 0.18).
0: Placed K+ in dna at (24.09, 8.66, -31.66).
0: Placed K+ in dna at (-24.29, -22.79, -40.22).
0: Placed K+ in dna at (-14.19, 9.29, 23.59).
0: Placed K+ in dna at (-64.08, 28.72, -26.62).
0: Placed K+ in dna at (-39.57, 13.19, 18.37).
0: Placed K+ in dna at (26.86, 59.31, -10.82).
0: Placed K+ in dna at (-12.52, 52.40, -19.42).
0: Placed K+ in dna at (-11.65, 55.73, -29.36).
0: Placed K+ in dna at (24.38, -14.94, 54.65).
0: Placed K+ in dna at (-28.61, 57.64, 29.43).
0: Placed K+ in dna at (-7.58, 52.70, 27.73).
0: Placed K+ in dna at (-3.15, 2.75, -29.36).
0: Placed K+ in dna at (-6.37, -5.43, -26.17).
0: Placed K+ in dna at (55.63, 19.01, -28.54).
0: Placed K+ in dna at (1.59, -24.75, 36.60).
0: Placed K+ in dna at (2.28, 8.55, -57.98).
0: Placed K+ in dna at (15.72, 31.59, 9.76).
0: Placed K+ in dna at (-12.54, 27.13, 49.14).
0: Placed K+ in dna at (-26.42, 37.42, 28.91).
0: Placed K+ in dna at (-16.73, 36.52, -13.43).
0: Placed K+ in dna at (31.35, -32.09, -60.46).
0: Placed K+ in dna at (-5.28, -26.70, -31.54).
0: Placed K+ in dna at (24.80, -8.79, 65.75).
0: Placed K+ in dna at (-23.77, -13.59, 49.14).
0: Placed K+ in dna at (-41.74, 35.63, 47.93).
0: Placed K+ in dna at (-15.46, 40.08, -33.37).
0: Placed K+ in dna at (16.28, -60.12, -7.65).
0: Placed K+ in dna at (8.93, -4.71, -70.94).
0: Placed K+ in dna at (-64.05, -42.58, 3.98).
0: Placed K+ in dna at (-51.50, 38.72, 14.82).
0: Placed K+ in dna at (-8.98, 36.82, -22.68).
0: Placed K+ in dna at (-54.53, -16.20, 24.61).
0: Placed K+ in dna at (-16.73, 13.52, -0.15).
0: Placed K+ in dna at (15.07, 54.38, 36.42).
0: Placed K+ in dna at (-53.97, -42.47, 17.34).
0: Placed K+ in dna at (-38.48, 23.92, 49.59).
0: Placed K+ in dna at (34.80, -14.44, -18.15).
0: Placed K+ in dna at (3.10, -27.70, -52.55).
0: Placed K+ in dna at (31.07, 28.49, -32.90).
0: Placed K+ in dna at (-38.71, 34.49, 47.31).
0: Placed K+ in dna at (5.97, 7.16, 67.52).
0: Placed K+ in dna at (2.94, 51.83, 8.57).
0: Placed K+ in dna at (-22.97, 16.29, 24.38).
0: Placed K+ in dna at (-62.41, 7.74, 31.70).
0: Placed K+ in dna at (-12.15, 47.95, -7.35).
0: Placed K+ in dna at (24.80, 37.20, -40.45).
0: Placed K+ in dna at (-55.46, -8.48, 24.80).
0: Placed K+ in dna at (29.85, -52.77, 41.11).
0: Placed K+ in dna at (18.98, -1.34, -9.91).
0: Placed K+ in dna at (62.34, 36.99, 29.92).
0: Placed K+ in dna at (26.25, -12.24, -68.47).
0: Placed K+ in dna at (-60.68, -47.75, 5.05).
0: Placed K+ in dna at (19.59, 1.74, -3.96).
0: Placed K+ in dna at (1.65, -56.44, 39.47).
0: Placed K+ in dna at (57.69, 22.93, -11.35).
0: Placed K+ in dna at (55.84, -20.72, -3.31).
0: Placed K+ in dna at (18.10, 30.68, 35.43).
0: Placed K+ in dna at (9.58, -25.21, -43.76).
0: Placed K+ in dna at (-6.91, 20.62, 28.43).
0: Placed K+ in dna at (42.37, -49.90, 3.77).
0: Placed K+ in dna at (-7.75, -11.72, -1.95).
0: Placed K+ in dna at (-13.03, 33.26, -17.98).
0: Placed K+ in dna at (-41.08, 16.22, 8.40).
0: Placed K+ in dna at (40.01, -52.02, 23.59).
0: Placed K+ in dna at (-52.62, -40.31, 10.82).
0: Placed K+ in dna at (-31.08, -8.50, 4.79).
0: Placed K+ in dna at (-42.40, -9.60, -39.89).
0: Placed K+ in dna at (-26.47, -47.43, 35.21).
0: Placed K+ in dna at (25.61, -2.37, 15.16).
0: Placed K+ in dna at (10.39, -3.32, -41.65).
0: Placed K+ in dna at (-27.64, -29.73, 36.31).
0: Placed K+ in dna at (60.31, 9.30, 40.29).
0: Placed K+ in dna at (-52.55, -18.11, -0.36).
0: Placed K+ in dna at (52.82, -5.21, -44.57).
0: Placed K+ in dna at (13.21, -3.06, 23.91).
0: Placed K+ in dna at (61.19, 42.70, -28.13).
0: Placed K+ in dna at (-15.85, -28.92, 9.26).
0: Placed K+ in dna at (-39.13, 46.72, 23.14).
0: Placed K+ in dna at (32.04, -16.73, 41.56).
0: Placed K+ in dna at (-11.24, 39.25, 33.78).
0: Placed K+ in dna at (-16.73, 13.52, -26.70).
0: Placed K+ in dna at (46.30, 26.86, -33.05).
0: Placed K+ in dna at (-19.82, -47.49, 43.70).
0: Placed K+ in dna at (5.74, 53.96, -5.56).
0: Placed K+ in dna at (-32.29, -57.80, -9.22).
0: Placed K+ in dna at (-3.62, -61.94, 5.45).
0: Placed K+ in dna at (29.77, 69.17, 15.12).
0: Placed K+ in dna at (29.20, 21.98, 51.53).
0: Placed K+ in dna at (-29.26, 53.36, 23.34).
0: Placed K+ in dna at (28.40, -36.74, -28.39).
0: Placed K+ in dna at (12.70, 67.48, 30.42).
0: Placed K+ in dna at (-46.65, -51.61, 27.07).
0: Placed K+ in dna at (19.07, -30.46, 26.16).
0: Placed K+ in dna at (34.38, 6.16, -49.23).
0: Placed K+ in dna at (61.72, -1.01, -14.84).
0: Placed K+ in dna at (9.58, 43.77, -30.48).
0: Placed K+ in dna at (58.55, -17.09, 5.05).
0: Placed K+ in dna at (2.73, -67.03, 35.99).
0: Placed K+ in dna at (-3.29, 55.69, -26.03).
0: Placed K+ in dna at (44.74, 16.91, -41.45).
0: Placed K+ in dna at (29.31, 59.88, 12.07).
0: Placed K+ in dna at (-63.03, -28.98, 23.19).
> addionsRand dna Cl- 137
Adding 137 counter ions to "dna". 50058 solvent molecules will remain.
0: Placed Cl- in dna at (-9.54, 14.12, 38.63).
0: Placed Cl- in dna at (-23.54, 1.88, -61.87).
0: Placed Cl- in dna at (-25.18, -27.11, 16.64).
0: Placed Cl- in dna at (-22.78, -65.86, -9.41).
0: Placed Cl- in dna at (-44.90, -57.76, -20.35).
0: Placed Cl- in dna at (-18.42, 22.70, -3.21).
0: Placed Cl- in dna at (-27.02, 8.51, 69.81).
0: Placed Cl- in dna at (53.75, -33.98, -41.65).
0: Placed Cl- in dna at (-45.55, -12.72, -44.53).
0: Placed Cl- in dna at (33.53, 40.09, 14.00).
0: Placed Cl- in dna at (55.58, 32.24, -14.90).
0: Placed Cl- in dna at (5.58, 20.22, -6.38).
0: Placed Cl- in dna at (-1.38, -58.86, 21.80).
0: Placed Cl- in dna at (-42.17, -28.87, -36.50).
0: Placed Cl- in dna at (-32.73, -28.60, -39.16).
0: Placed Cl- in dna at (-34.62, 40.59, -23.90).
0: Placed Cl- in dna at (-40.41, 13.51, 21.85).
0: Placed Cl- in dna at (45.99, 0.08, -34.67).
0: Placed Cl- in dna at (57.29, -11.72, -28.50).
0: Placed Cl- in dna at (-25.84, -2.84, -51.47).
0: Placed Cl- in dna at (24.09, -14.34, 61.27).
0: Placed Cl- in dna at (-17.51, -65.22, -31.34).
0: Placed Cl- in dna at (21.91, -4.15, 30.61).
0: Placed Cl- in dna at (51.71, -32.76, -26.47).
0: Placed Cl- in dna at (31.71, 25.07, 23.74).
0: Placed Cl- in dna at (11.07, 26.51, -49.04).
0: Placed Cl- in dna at (42.09, -8.48, 24.80).
0: Placed Cl- in dna at (-32.73, 17.39, 13.95).
0: Placed Cl- in dna at (-22.53, -9.98, 23.44).
0: Placed Cl- in dna at (37.35, 65.33, 16.70).
0: Placed Cl- in dna at (44.32, 46.73, -0.41).
0: Placed Cl- in dna at (-16.84, -11.32, -62.95).
0: Placed Cl- in dna at (-54.23, 1.24, -20.96).
0: Placed Cl- in dna at (-55.45, -2.21, 22.62).
0: Placed Cl- in dna at (-55.17, -20.94, 20.69).
0: Placed Cl- in dna at (-47.21, -18.61, -28.13).
0: Placed Cl- in dna at (45.22, -1.50, 43.70).
0: Placed Cl- in dna at (-15.69, -55.83, -27.42).
0: Placed Cl- in dna at (9.16, -31.91, -6.14).
0: Placed Cl- in dna at (-1.38, 10.12, -71.12).
0: Placed Cl- in dna at (50.10, -2.72, 52.92).
0: Placed Cl- in dna at (34.95, 21.06, 13.86).
0: Placed Cl- in dna at (59.15, 28.85, -0.15).
0: Placed Cl- in dna at (23.06, -36.74, -54.73).
0: Placed Cl- in dna at (58.15, -21.62, -24.80).
0: Placed Cl- in dna at (1.01, 17.10, 53.82).
0: Placed Cl- in dna at (-1.79, -39.76, -6.35).
0: Placed Cl- in dna at (13.78, -1.82, -31.25).
0: Placed Cl- in dna at (20.39, 8.63, -15.45).
0: Placed Cl- in dna at (-8.41, 5.73, 66.97).
0: Placed Cl- in dna at (-40.66, 8.06, -64.83).
0: Placed Cl- in dna at (-15.85, -5.92, -57.12).
0: Placed Cl- in dna at (-6.19, -57.49, 20.76).
0: Placed Cl- in dna at (50.91, 40.36, -26.03).
0: Placed Cl- in dna at (28.67, -26.28, 64.80).
0: Placed Cl- in dna at (-53.42, 30.48, 31.62).
0: Placed Cl- in dna at (34.80, -14.44, 61.51).
0: Placed Cl- in dna at (-5.26, -64.09, 6.89).
0: Placed Cl- in dna at (-44.33, -28.61, -19.14).
0: Placed Cl- in dna at (19.08, 18.37, 46.53).
0: Placed Cl- in dna at (-32.97, -18.65, 38.01).
0: Placed Cl- in dna at (17.20, -60.15, -35.91).
0: Placed Cl- in dna at (9.67, 6.23, -20.63).
0: Placed Cl- in dna at (-7.75, 11.27, 37.88).
0: Placed Cl- in dna at (25.84, 29.85, 16.45).
0: Placed Cl- in dna at (32.08, 29.89, -44.31).
0: Placed Cl- in dna at (-6.27, 10.75, -55.20).
0: Placed Cl- in dna at (-35.21, 36.99, 29.92).
0: Placed Cl- in dna at (3.15, 40.89, -8.71).
0: Placed Cl- in dna at (9.29, -27.10, -20.35).
0: Placed Cl- in dna at (45.78, -32.60, 27.14).
0: Placed Cl- in dna at (32.31, -5.61, -52.43).
0: Placed Cl- in dna at (56.92, -36.37, 9.44).
0: Placed Cl- in dna at (-48.48, 22.63, -17.05).
0: Placed Cl- in dna at (-34.94, 0.73, 0.02).
0: Placed Cl- in dna at (-2.07, -24.19, 63.57).
0: Placed Cl- in dna at (-64.08, 28.72, 26.48).
0: Placed Cl- in dna at (10.04, -32.37, -10.48).
0: Placed Cl- in dna at (-30.11, 46.98, 8.17).
0: Placed Cl- in dna at (53.70, 27.57, 31.88).
0: Placed Cl- in dna at (-10.80, -11.74, -39.64).
0: Placed Cl- in dna at (-17.89, 43.84, -61.28).
0: Placed Cl- in dna at (-59.29, 30.97, -18.84).
0: Placed Cl- in dna at (18.53, -35.57, -16.09).
0: Placed Cl- in dna at (-3.92, 18.58, -22.64).
0: Placed Cl- in dna at (57.04, 3.93, 6.67).
0: Placed Cl- in dna at (2.01, 17.01, -29.91).
0: Placed Cl- in dna at (-41.54, 7.36, 38.35).
0: Placed Cl- in dna at (34.17, 12.54, -53.46).
0: Placed Cl- in dna at (14.33, 53.59, 15.21).
0: Placed Cl- in dna at (-35.81, 55.69, -26.03).
0: Placed Cl- in dna at (4.16, 22.19, 3.18).
0: Placed Cl- in dna at (62.32, -9.54, 44.68).
0: Placed Cl- in dna at (-6.61, 0.73, 76.25).
0: Placed Cl- in dna at (37.22, -38.12, -51.38).
0: Placed Cl- in dna at (-46.08, 44.12, 4.86).
0: Placed Cl- in dna at (-14.15, 52.64, 24.98).
0: Placed Cl- in dna at (-18.53, -58.75, -21.99).
0: Placed Cl- in dna at (49.18, 25.86, 2.84).
0: Placed Cl- in dna at (-50.03, -19.23, -31.34).
0: Placed Cl- in dna at (51.93, 43.09, -6.35).
0: Placed Cl- in dna at (-42.76, 26.44, -7.43).
0: Placed Cl- in dna at (25.61, 20.62, -51.22).
0: Placed Cl- in dna at (6.76, -0.23, -8.16).
0: Placed Cl- in dna at (-13.99, 26.68, 58.70).
0: Placed Cl- in dna at (-16.26, 1.52, 45.03).
0: Placed Cl- in dna at (-58.09, 0.54, 22.62).
0: Placed Cl- in dna at (-21.25, -54.36, 33.48).
0: Placed Cl- in dna at (39.24, -21.41, -28.39).
0: Placed Cl- in dna at (31.85, 6.33, 57.44).
0: Placed Cl- in dna at (-43.69, 22.13, 11.34).
0: Placed Cl- in dna at (-20.38, -70.19, -1.20).
0: Placed Cl- in dna at (26.63, -40.13, 39.67).
0: Placed Cl- in dna at (-12.94, 2.26, 42.48).
0: Placed Cl- in dna at (59.57, -9.73, -30.62).
0: Placed Cl- in dna at (-16.89, 32.39, -28.00).
0: Placed Cl- in dna at (21.24, -54.42, -4.48).
0: Placed Cl- in dna at (-23.75, 60.12, 50.30).
0: Placed Cl- in dna at (24.32, -21.08, 32.87).
0: Placed Cl- in dna at (16.93, 6.76, 55.47).
0: Placed Cl- in dna at (-30.11, 46.98, -18.39).
0: Placed Cl- in dna at (-3.21, -9.10, -54.30).
0: Placed Cl- in dna at (12.43, 13.58, -56.33).
0: Placed Cl- in dna at (9.69, 23.33, -36.23).
0: Placed Cl- in dna at (-48.15, 13.88, 35.21).
0: Placed Cl- in dna at (50.88, 29.65, -41.40).
0: Placed Cl- in dna at (-26.77, 7.98, -5.56).
0: Placed Cl- in dna at (-38.52, 4.01, -62.95).
0: Placed Cl- in dna at (-53.77, -31.37, -32.90).
0: Placed Cl- in dna at (-20.68, 61.14, -50.37).
0: Placed Cl- in dna at (-8.21, -53.58, 31.70).
0: Placed Cl- in dna at (-46.71, 9.29, 50.15).
0: Placed Cl- in dna at (-2.69, 49.73, -0.71).
0: Placed Cl- in dna at (-43.14, 1.64, -41.41).
0: Placed Cl- in dna at (20.58, 41.45, 43.69).
0: Placed Cl- in dna at (13.12, 23.88, 21.68).
0: Placed Cl- in dna at (-36.14, -15.96, 5.45).
> 
> 
> savepdb dna solvated.ions.pdb
Writing pdb file: solvated.ions.pdb
> saveamberparm dna solvated.ions.top solvated.ions.crd
Checking Unit.
Building topology.
Building atom parameters.
Building bond parameters.
Building angle parameters.
Building proper torsion parameters.
Building improper torsion parameters.
 total 1270 improper torsions applied
Building H-Bond parameters.
Incorporating Non-Bonded adjustments.
Not Marking per-residue atom chain types.
Marking per-residue atom chain types.
  (Residues lacking connect0/connect1 - 
   these don't have chain types marked:

	res	total affected

	WAT	50058
  )
 (no restraints)
> 
> quit
	Quit

Exiting LEaP: Errors = 0; Warnings = 1; Notes = 0.
log started: Tue Apr 25 21:25:23 2023

Log file: ./leap.log
>> #
>> # ----- leaprc for loading the ff14SB force field
>> # ----- NOTE: this is designed for PDB format 3!
>> #    Uses frcmod.ff14SB for proteins; ff99bsc0 for DNA; ff99bsc0_chiOL3 for RNA
>> #
>> #	load atom type hybridizations
>> #
>> addAtomTypes {
>> 	{ "H"   "H" "sp3" }
>> 	{ "HO"  "H" "sp3" }
>> 	{ "HS"  "H" "sp3" }
>> 	{ "H1"  "H" "sp3" }
>> 	{ "H2"  "H" "sp3" }
>> 	{ "H3"  "H" "sp3" }
>> 	{ "H4"  "H" "sp3" }
>> 	{ "H5"  "H" "sp3" }
>> 	{ "HW"  "H" "sp3" }
>> 	{ "HC"  "H" "sp3" }
>> 	{ "HA"  "H" "sp3" }
>> 	{ "HP"  "H" "sp3" }
>> 	{ "HZ"  "H" "sp3" }
>> 	{ "OH"  "O" "sp3" }
>> 	{ "OS"  "O" "sp3" }
>> 	{ "O"   "O" "sp2" }
>> 	{ "O2"  "O" "sp2" }
>> 	{ "OP"  "O" "sp2" }
>> 	{ "OW"  "O" "sp3" }
>> 	{ "CT"  "C" "sp3" }
>> 	{ "CX"  "C" "sp3" }
>> 	{ "C8"  "C" "sp3" }
>> 	{ "2C"  "C" "sp3" }
>> 	{ "3C"  "C" "sp3" }
>> 	{ "CH"  "C" "sp3" }
>> 	{ "CS"  "C" "sp2" }
>> 	{ "C"   "C" "sp2" }
>> 	{ "CO"   "C" "sp2" }
>> 	{ "C*"  "C" "sp2" }
>> 	{ "CA"  "C" "sp2" }
>> 	{ "CB"  "C" "sp2" }
>> 	{ "CC"  "C" "sp2" }
>> 	{ "CN"  "C" "sp2" }
>> 	{ "CM"  "C" "sp2" }
>> 	{ "CK"  "C" "sp2" }
>> 	{ "CQ"  "C" "sp2" }
>> 	{ "CD"  "C" "sp2" }
>> 	{ "C5"  "C" "sp2" }
>> 	{ "C4"  "C" "sp2" }
>> 	{ "CP"  "C" "sp2" }
>> 	{ "CI"  "C" "sp3" }
>> 	{ "CJ"  "C" "sp2" }
>> 	{ "CW"  "C" "sp2" }
>> 	{ "CV"  "C" "sp2" }
>> 	{ "CR"  "C" "sp2" }
>> 	{ "CA"  "C" "sp2" }
>> 	{ "CY"  "C" "sp2" }
>> 	{ "C0"  "Ca" "sp3" }
>> 	{ "MG"  "Mg" "sp3" }
>> 	{ "N"   "N" "sp2" }
>> 	{ "NA"  "N" "sp2" }
>> 	{ "N2"  "N" "sp2" }
>> 	{ "N*"  "N" "sp2" }
>> 	{ "NP"  "N" "sp2" }
>> 	{ "NQ"  "N" "sp2" }
>> 	{ "NB"  "N" "sp2" }
>> 	{ "NC"  "N" "sp2" }
>> 	{ "NT"  "N" "sp3" }
>> 	{ "NY"  "N" "sp2" }
>> 	{ "N3"  "N" "sp3" }
>> 	{ "S"   "S" "sp3" }
>> 	{ "SH"  "S" "sp3" }
>> 	{ "P"   "P" "sp3" }
>> 	{ "LP"  ""  "sp3" }
>> 	{ "EP"  ""  "sp3" }
>> 	{ "F"   "F" "sp3" }
>> 	{ "Cl"  "Cl" "sp3" }
>> 	{ "Br"  "Br" "sp3" }
>> 	{ "I"   "I"  "sp3" }
>> 	{ "F-"   "F" "sp3" }
>> 	{ "Cl-"  "Cl" "sp3" }
>> 	{ "Br-"  "Br" "sp3" }
>> 	{ "I-"   "I"  "sp3" }
>> 	{ "Li+"  "Li"  "sp3" }
>> 	{ "Na+"  "Na"  "sp3" }
>> 	{ "K+"  "K"  "sp3" }
>> 	{ "Rb+"  "Rb"  "sp3" }
>> 	{ "Cs+"  "Cs"  "sp3" }
>> 	{ "Mg+"  "Mg"  "sp3" }
>> # glycam
>> 	{ "OG"  "O" "sp3" }
>> 	{ "OL"  "O" "sp3" }
>> 	{ "AC"  "C" "sp3" }
>> 	{ "EC"  "C" "sp3" }
>> }
>> #
>> #	Load the main parameter set.
>> #
>> parm10 = loadamberparams parm10.dat
Loading parameters: /work/scitas-share/ddossant/amber/20/gcc-8.4.0-cuda-10.2/amber20/dat/leap/parm/parm10.dat
Reading title:
PARM99 + frcmod.ff99SB + frcmod.parmbsc0 + OL3 for RNA
>> frcmod14SB = loadamberparams frcmod.ff14SB
Loading parameters: /work/scitas-share/ddossant/amber/20/gcc-8.4.0-cuda-10.2/amber20/dat/leap/parm/frcmod.ff14SB
Reading force field modification type file (frcmod)
Reading title:
ff14SB protein backbone and sidechain parameters
>> #
>> #	Load main chain and terminating amino acid libraries, nucleic acids
>> #
>> loadOff amino12.lib
Loading library: /work/scitas-share/ddossant/amber/20/gcc-8.4.0-cuda-10.2/amber20/dat/leap/lib/amino12.lib
Loading: ALA
Loading: ARG
Loading: ASH
Loading: ASN
Loading: ASP
Loading: CYM
Loading: CYS
Loading: CYX
Loading: GLH
Loading: GLN
Loading: GLU
Loading: GLY
Loading: HID
Loading: HIE
Loading: HIP
Loading: HYP
Loading: ILE
Loading: LEU
Loading: LYN
Loading: LYS
Loading: MET
Loading: PHE
Loading: PRO
Loading: SER
Loading: THR
Loading: TRP
Loading: TYR
Loading: VAL
>> loadOff aminoct12.lib
Loading library: /work/scitas-share/ddossant/amber/20/gcc-8.4.0-cuda-10.2/amber20/dat/leap/lib/aminoct12.lib
Loading: CALA
Loading: CARG
Loading: CASN
Loading: CASP
Loading: CCYS
Loading: CCYX
Loading: CGLN
Loading: CGLU
Loading: CGLY
Loading: CHID
Loading: CHIE
Loading: CHIP
Loading: CHYP
Loading: CILE
Loading: CLEU
Loading: CLYS
Loading: CMET
Loading: CPHE
Loading: CPRO
Loading: CSER
Loading: CTHR
Loading: CTRP
Loading: CTYR
Loading: CVAL
Loading: NHE
Loading: NME
>> loadOff aminont12.lib
Loading library: /work/scitas-share/ddossant/amber/20/gcc-8.4.0-cuda-10.2/amber20/dat/leap/lib/aminont12.lib
Loading: ACE
Loading: NALA
Loading: NARG
Loading: NASN
Loading: NASP
Loading: NCYS
Loading: NCYX
Loading: NGLN
Loading: NGLU
Loading: NGLY
Loading: NHID
Loading: NHIE
Loading: NHIP
Loading: NILE
Loading: NLEU
Loading: NLYS
Loading: NMET
Loading: NPHE
Loading: NPRO
Loading: NSER
Loading: NTHR
Loading: NTRP
Loading: NTYR
Loading: NVAL
>> loadOff nucleic12.lib
Loading library: /work/scitas-share/ddossant/amber/20/gcc-8.4.0-cuda-10.2/amber20/dat/leap/lib/nucleic12.lib
Loading: A
Loading: A3
Loading: A5
Loading: AN
Loading: C
Loading: C3
Loading: C5
Loading: CN
Loading: DA
Loading: DA3
Loading: DA5
Loading: DAN
Loading: DC
Loading: DC3
Loading: DC5
Loading: DCN
Loading: DG
Loading: DG3
Loading: DG5
Loading: DGN
Loading: DT
Loading: DT3
Loading: DT5
Loading: DTN
Loading: G
Loading: G3
Loading: G5
Loading: GN
Loading: OHE
Loading: U
Loading: U3
Loading: U5
Loading: UN
>> #
>> #       Load water and ions
>> # 
>> loadOff atomic_ions.lib
Loading library: /work/scitas-share/ddossant/amber/20/gcc-8.4.0-cuda-10.2/amber20/dat/leap/lib/atomic_ions.lib
Loading: AG
Loading: AL
Loading: Ag
Loading: BA
Loading: BR
Loading: Be
Loading: CA
Loading: CD
Loading: CE
Loading: CL
Loading: CO
Loading: CR
Loading: CS
Loading: CU
Loading: CU1
Loading: Ce
Loading: Cl-
Loading: Cr
Loading: Dy
Loading: EU
Loading: EU3
Loading: Er
Loading: F
Loading: FE
Loading: FE2
Loading: GD3
Loading: H3O+
Loading: HE+
Loading: HG
Loading: HZ+
Loading: Hf
Loading: IN
Loading: IOD
Loading: K
Loading: K+
Loading: LA
Loading: LI
Loading: LU
Loading: MG
Loading: MN
Loading: NA
Loading: NH4
Loading: NI
Loading: Na+
Loading: Nd
Loading: PB
Loading: PD
Loading: PR
Loading: PT
Loading: Pu
Loading: RB
Loading: Ra
Loading: SM
Loading: SR
Loading: Sm
Loading: Sn
Loading: TB
Loading: TL
Loading: Th
Loading: Tl
Loading: Tm
Loading: U4+
Loading: V2+
Loading: Y
Loading: YB2
Loading: ZN
Loading: Zr
>> loadOff solvents.lib
Loading library: /work/scitas-share/ddossant/amber/20/gcc-8.4.0-cuda-10.2/amber20/dat/leap/lib/solvents.lib
Loading: CHCL3BOX
Loading: DC4
Loading: FB3
Loading: FB3BOX
Loading: FB4
Loading: FB4BOX
Loading: MEOHBOX
Loading: NMABOX
Loading: OP3
Loading: OPC
Loading: OPC3BOX
Loading: OPCBOX
Loading: PL3
Loading: POL3BOX
Loading: QSPCFWBOX
Loading: SPC
Loading: SPCBOX
Loading: SPCFWBOX
Loading: SPF
Loading: SPG
Loading: T4E
Loading: TIP3PBOX
Loading: TIP3PFBOX
Loading: TIP4PBOX
Loading: TIP4PEWBOX
Loading: TIP5PBOX
Loading: TP3
Loading: TP4
Loading: TP5
Loading: TPF
>> HOH = TP3
>> WAT = TP3
>> 
>> #
>> #	Define the PDB name map for the amino acids and nucleic acids
>> #
>> addPdbResMap {
>>   { 0 "HYP" "NHYP" } { 1 "HYP" "CHYP" }
>>   { 0 "ALA" "NALA" } { 1 "ALA" "CALA" }
>>   { 0 "ARG" "NARG" } { 1 "ARG" "CARG" }
>>   { 0 "ASN" "NASN" } { 1 "ASN" "CASN" }
>>   { 0 "ASP" "NASP" } { 1 "ASP" "CASP" }
>>   { 0 "CYS" "NCYS" } { 1 "CYS" "CCYS" }
>>   { 0 "CYX" "NCYX" } { 1 "CYX" "CCYX" }
>>   { 0 "GLN" "NGLN" } { 1 "GLN" "CGLN" }
>>   { 0 "GLU" "NGLU" } { 1 "GLU" "CGLU" }
>>   { 0 "GLY" "NGLY" } { 1 "GLY" "CGLY" }
>>   { 0 "HID" "NHID" } { 1 "HID" "CHID" }
>>   { 0 "HIE" "NHIE" } { 1 "HIE" "CHIE" }
>>   { 0 "HIP" "NHIP" } { 1 "HIP" "CHIP" }
>>   { 0 "ILE" "NILE" } { 1 "ILE" "CILE" }
>>   { 0 "LEU" "NLEU" } { 1 "LEU" "CLEU" }
>>   { 0 "LYS" "NLYS" } { 1 "LYS" "CLYS" }
>>   { 0 "MET" "NMET" } { 1 "MET" "CMET" }
>>   { 0 "PHE" "NPHE" } { 1 "PHE" "CPHE" }
>>   { 0 "PRO" "NPRO" } { 1 "PRO" "CPRO" }
>>   { 0 "SER" "NSER" } { 1 "SER" "CSER" }
>>   { 0 "THR" "NTHR" } { 1 "THR" "CTHR" }
>>   { 0 "TRP" "NTRP" } { 1 "TRP" "CTRP" }
>>   { 0 "TYR" "NTYR" } { 1 "TYR" "CTYR" }
>>   { 0 "VAL" "NVAL" } { 1 "VAL" "CVAL" }
>>   { 0 "HIS" "NHIS" } { 1 "HIS" "CHIS" }
>>   { 0 "G" "G"  } { 1 "G" "G"  } 
>>   { 0 "A" "A"  } { 1 "A" "A"  } 
>>   { 0 "C" "C"  } { 1 "C" "C"  } 
>>   { 0 "U" "U"  } { 1 "U" "U"  } 
>>   { 0 "DG" "DG"  } { 1 "DG" "DG"  }  
>>   { 0 "DA" "DA"  } { 1 "DA" "DA"  }  
>>   { 0 "DC" "DC"  } { 1 "DC" "DC"  }  
>>   { 0 "DT" "DT"  } { 1 "DT" "DT"  }  
>> #  some old Amber residue names for RNA:
>>   { 0  "RA5" "A5" } { 1 "RA3" "A3"} {"RA" "A" }
>>   { 0  "RC5" "C5" } { 1 "RC3" "C3"} {"RC" "C" }
>>   { 0  "RG5" "G5" } { 1 "RG3" "G3"} {"RG" "G" }
>>   { 0  "RU5" "U5" } { 1 "RU3" "U3"} {"RU" "U" }
>> #  some really old Amber residue names, assuming DNA:
>>   { 0 "GUA" "DG5"  } { 1 "GUA" "DG3"  } { "GUA" "DG" }
>>   { 0 "ADE" "DA5"  } { 1 "ADE" "DA3"  } { "ADE" "DA" }
>>   { 0 "CYT" "DC5"  } { 1 "CYT" "DC3"  } { "CYT" "DC" }
>>   { 0 "THY" "DT5"  } { 1 "THY" "DT3"  } { "THY" "DT" }
>> #  uncomment out the following if you have this old style RNA files:
>> # { 0 "GUA" "G5"  } { 1 "GUA" "G3"  } { "GUA" "G" }
>> # { 0 "ADE" "A5"  } { 1 "ADE" "A3"  } { "ADE" "A" }
>> # { 0 "CYT" "C5"  } { 1 "CYT" "C3"  } { "CYT" "C" }
>> # { 0 "URA" "R5"  } { 1 "URA" "R3"  } { "URA" "R" }
>> 
>> }
>> 
>> #  try to be good about reading in really old atom names as well:
>> addPdbAtomMap {
>>   { "O5*" "O5'" }
>>   { "C5*" "C5'" }
>>   { "C4*" "C4'" }
>>   { "O4*" "O4'" }
>>   { "C3*" "C3'" }
>>   { "O3*" "O3'" }
>>   { "C2*" "C2'" }
>>   { "O2*" "O2'" }
>>   { "C1*" "C1'" }
>>   { "C5M" "C7"  }
>>   { "H1*" "H1'" }
>>   { "H2*1" "H2'" }
>>   { "H2*2" "H2''" }
>>   { "H2'1" "H2'" }
>>   { "H2'2" "H2''" }
>>   { "H3*" "H3'" }
>>   { "H4*" "H4'" }
>>   { "H5*1" "H5'" }
>>   { "H5*2" "H5''" }
>>   { "H5'1" "H5'" }
>>   { "H5'2" "H5''" }
>>   { "HO'2" "HO2'" }
>>   { "H5T"  "HO5'" }
>>   { "H3T"  "HO3'" }
>>   { "O1'" "O4'" }
>>   { "OA"  "OP1" }
>>   { "OB"  "OP2" }
>>   { "O1P" "OP1" }
>>   { "O2P" "OP2" }
>> }
>> 
>> #
>> # assume that most often proteins use HIE
>> #
>> NHIS = NHIE
>> HIS = HIE
>> CHIS = CHIE
>> 
> 
> addAtomTypes {
>   { "C1" "C" "sp2" }
>   { "C2" "C" "sp2" }
>   { "CI" "C" "sp3" }
>   { "CE" "C" "sp3" }
>  }
>  loadoff parmBSC1.lib
Loading library: ./parmBSC1.lib
Loading: DA
Loading: DA3
Loading: DA5
Loading: DAN
Loading: DC
Loading: DC3
Loading: DC5
Loading: DCN
Loading: DG
Loading: DG3
Loading: DG5
Loading: DGN
Loading: DT
Loading: DT3
Loading: DT5
Loading: DTN
>  loadamberparams frcmod.parmbsc1
Loading parameters: ./frcmod.parmbsc1
Reading force field modification type file (frcmod)
Reading title:
Parmbsc1 force-field for DNA
> addPdbAtomMap {{OP1 O1P}{OP2 O2P}{H5' H5'1}{H5'' H5'2}{H2' H2'1}{H2'' H2'2}}
> set default PBradii mbondi3
Using ArgH and AspGluO modified Bondi2 radii
> 
> dna = loadpdb solvated.randions.pdb
Loading PDB file: ./solvated.randions.pdb
Matching PDB residue names to LEaP variables.
Mapped residue DT, term: Terminal/beginning, seq. number: 0 to: DT.
Mapped residue DG, term: Terminal/last, seq. number: 93 to: DG.
Mapped residue DC, term: Terminal/beginning, seq. number: 94 to: DC.
Mapped residue DA, term: Terminal/last, seq. number: 187 to: DA.
  total atoms in file: 156604
> 
> 
> savepdb dna solvated.randions.pdb
Writing pdb file: solvated.randions.pdb
> saveamberparm dna solvated.randions.top solvated.randions.crd
Checking Unit.
Building topology.
Building atom parameters.
Building bond parameters.
Building angle parameters.
Building proper torsion parameters.
Building improper torsion parameters.
 total 1270 improper torsions applied
Building H-Bond parameters.
Incorporating Non-Bonded adjustments.
Not Marking per-residue atom chain types.
Marking per-residue atom chain types.
  (Residues lacking connect0/connect1 - 
   these don't have chain types marked:

	res	total affected

	WAT	50058
  )
 (no restraints)
> 
> quit
	Quit

Exiting LEaP: Errors = 0; Warnings = 0; Notes = 0.
